<?xml version="1.0" encoding="UTF-8"?>
<Site BuildName="(empty)"
	BuildStamp="20241011-1449-Experimental"
	Name="79a77d43ac41"
	Generator="ctest-3.22.1"
	CompilerName="/usr/bin/g++"
	CompilerVersion="11.4.0"
	OSName="Linux"
	Hostname="79a77d43ac41"
	OSRelease="6.8.0-1015-gcp"
	OSVersion="#17~22.04.1-Ubuntu SMP Tue Sep  3 16:11:52 UTC 2024"
	OSPlatform="x86_64"
	Is64Bits="1"
	VendorString="GenuineIntel"
	VendorID="Intel Corporation"
	FamilyID="6"
	ModelID="79"
	ProcessorCacheSize="56320"
	NumberOfLogicalCPU="4"
	NumberOfPhysicalCPU="2"
	TotalVirtualMemory="0"
	TotalPhysicalMemory="32094"
	LogicalProcessorsPerPhysical="2"
	ProcessorClockFrequency="2200.17"
	>
	<Testing>
		<StartDateTime>Oct 11 14:49 UTC</StartDateTime>
		<StartTestTime>1728658145</StartTestTime>
		<TestList/>
		<EndDateTime>Oct 11 14:49 UTC</EndDateTime>
		<EndTestTime>1728658145</EndTestTime>
		<ElapsedMinutes>0</ElapsedMinutes>
	</Testing>
</Site>
