<?xml version="1.0" encoding="UTF-8"?>
<Site BuildName="(empty)"
	BuildStamp="20241014-2255-Experimental"
	Name="void2024"
	Generator="ctest-3.22.1"
	CompilerName="/usr/bin/g++"
	CompilerVersion="11.4.0"
	OSName="Linux"
	Hostname="void2024"
	OSRelease="6.8.0-1015-gcp"
	OSVersion="#17~22.04.1-Ubuntu SMP Tue Sep  3 16:11:52 UTC 2024"
	OSPlatform="x86_64"
	Is64Bits="1"
	VendorString="GenuineIntel"
	VendorID="Intel Corporation"
	FamilyID="6"
	ModelID="79"
	ProcessorCacheSize="56320"
	NumberOfLogicalCPU="8"
	NumberOfPhysicalCPU="4"
	TotalVirtualMemory="0"
	TotalPhysicalMemory="32093"
	LogicalProcessorsPerPhysical="2"
	ProcessorClockFrequency="2200.21"
	>
	<Testing>
		<StartDateTime>Oct 14 22:56 UTC</StartDateTime>
		<StartTestTime>1728946609</StartTestTime>
		<TestList/>
		<EndDateTime>Oct 14 22:56 UTC</EndDateTime>
		<EndTestTime>1728946609</EndTestTime>
		<ElapsedMinutes>0</ElapsedMinutes>
	</Testing>
</Site>
