<?xml version="1.0" encoding="UTF-8"?>
<Site BuildName="(empty)"
	BuildStamp="20241021-1129-Experimental"
	Name="codespaces-172bf0"
	Generator="ctest-3.22.1"
	CompilerName="/usr/bin/c++"
	CompilerVersion="11.4.0"
	OSName="Linux"
	Hostname="codespaces-172bf0"
	OSRelease="6.5.0-1025-azure"
	OSVersion="#26~22.04.1-Ubuntu SMP Thu Jul 11 22:33:04 UTC 2024"
	OSPlatform="x86_64"
	Is64Bits="1"
	VendorString="GenuineIntel"
	VendorID="Intel Corporation"
	FamilyID="6"
	ModelID="106"
	ProcessorCacheSize="49152"
	NumberOfLogicalCPU="2"
	NumberOfPhysicalCPU="1"
	TotalVirtualMemory="0"
	TotalPhysicalMemory="7928"
	LogicalProcessorsPerPhysical="2"
	ProcessorClockFrequency="3462.68"
	>
	<Testing>
		<StartDateTime>Oct 21 15:24 UTC</StartDateTime>
		<StartTestTime>1729524241</StartTestTime>
		<TestList/>
		<EndDateTime>Oct 21 15:24 UTC</EndDateTime>
		<EndTestTime>1729524241</EndTestTime>
		<ElapsedMinutes>0</ElapsedMinutes>
	</Testing>
</Site>
